Arguments: 
  /usr/local/Cellar/node/9.9.0/bin/node /usr/local/Cellar/yarn/1.5.1_1/libexec/bin/yarn.js i

PATH: 
  /Library/Frameworks/Python.framework/Versions/3.7/bin:/usr/local/opt/gettext/bin:/Library/Frameworks/Python.framework/Versions/3.6/bin:/usr/local/bin:/usr/bin:/bin:/usr/sbin:/sbin:/Library/TeX/texbin:/Library/Frameworks/Python.framework/Versions/3.7/bin:/usr/local/opt/gettext/bin:/Library/Frameworks/Python.framework/Versions/3.6/bin

Yarn version: 
  1.5.1

Node version: 
  9.9.0

Platform: 
  darwin x64

npm manifest: 
  {
    "name": "webcampus-frontend",
    "version": "1.0.0",
    "description": "Webcampus frontend application",
    "author": "adetbekov",
    "private": true,
    "scripts": {
      "dev": "nuxt",
      "build": "nuxt build",
      "start": "nuxt start",
      "generate": "nuxt generate",
      "lint": "eslint --ext .js,.vue --ignore-path .gitignore .",
      "precommit": "npm run lint"
    },
    "dependencies": {
      "nuxt": "^1.0.0",
      "element-ui": "^1.4.9",
      "@nuxtjs/axios": "^5.0.0"
    },
    "devDependencies": {
      "cross-env": "^5.0.1",
      "babel-eslint": "^8.2.1",
      "eslint": "^4.15.0",
      "eslint-loader": "^1.7.1",
      "eslint-plugin-vue": "^4.0.0"
    }
  }

yarn manifest: 
  No manifest

Lockfile: 
  No lockfile

Trace: 
  Error: Command "i" not found.
      at new MessageError (/usr/local/Cellar/yarn/1.5.1_1/libexec/lib/cli.js:186:110)
      at /usr/local/Cellar/yarn/1.5.1_1/libexec/lib/cli.js:87307:17
      at Generator.next (<anonymous>)
      at step (/usr/local/Cellar/yarn/1.5.1_1/libexec/lib/cli.js:98:30)
      at /usr/local/Cellar/yarn/1.5.1_1/libexec/lib/cli.js:116:14
      at new Promise (<anonymous>)
      at new F (/usr/local/Cellar/yarn/1.5.1_1/libexec/lib/cli.js:23451:28)
      at /usr/local/Cellar/yarn/1.5.1_1/libexec/lib/cli.js:95:12
      at runCommand (/usr/local/Cellar/yarn/1.5.1_1/libexec/lib/cli.js:87312:22)
      at Object.<anonymous> (/usr/local/Cellar/yarn/1.5.1_1/libexec/lib/cli.js:87412:14)
